Determining if the pthread_create exist failed with the following output:
Change Dir: /home/users/warce/HPC_2018_1/tareaBonus/globalMem/build/CMakeFiles/CMakeTmp

Run Build Command:"/usr/bin/make" "cmTC_16879/fast"
/usr/bin/make -f CMakeFiles/cmTC_16879.dir/build.make CMakeFiles/cmTC_16879.dir/build
make[1]: Entering directory '/home/users/warce/HPC_2018_1/tareaBonus/globalMem/build/CMakeFiles/CMakeTmp'
Building C object CMakeFiles/cmTC_16879.dir/CheckSymbolExists.c.o
/usr/bin/cc    -fPIC    -o CMakeFiles/cmTC_16879.dir/CheckSymbolExists.c.o   -c /home/users/warce/HPC_2018_1/tareaBonus/globalMem/build/CMakeFiles/CMakeTmp/CheckSymbolExists.c
Linking C executable cmTC_16879
/usr/bin/cmake -E cmake_link_script CMakeFiles/cmTC_16879.dir/link.txt --verbose=1
/usr/bin/cc  -fPIC     CMakeFiles/cmTC_16879.dir/CheckSymbolExists.c.o  -o cmTC_16879 
CMakeFiles/cmTC_16879.dir/CheckSymbolExists.c.o: In function `main':
CheckSymbolExists.c:(.text+0x1b): undefined reference to `pthread_create'
collect2: error: ld returned 1 exit status
CMakeFiles/cmTC_16879.dir/build.make:97: recipe for target 'cmTC_16879' failed
make[1]: *** [cmTC_16879] Error 1
make[1]: Leaving directory '/home/users/warce/HPC_2018_1/tareaBonus/globalMem/build/CMakeFiles/CMakeTmp'
Makefile:126: recipe for target 'cmTC_16879/fast' failed
make: *** [cmTC_16879/fast] Error 2

File /home/users/warce/HPC_2018_1/tareaBonus/globalMem/build/CMakeFiles/CMakeTmp/CheckSymbolExists.c:
/* */
#include <pthread.h>

int main(int argc, char** argv)
{
  (void)argv;
#ifndef pthread_create
  return ((int*)(&pthread_create))[argc];
#else
  (void)argc;
  return 0;
#endif
}

Determining if the function pthread_create exists in the pthreads failed with the following output:
Change Dir: /home/users/warce/HPC_2018_1/tareaBonus/globalMem/build/CMakeFiles/CMakeTmp

Run Build Command:"/usr/bin/make" "cmTC_cf039/fast"
/usr/bin/make -f CMakeFiles/cmTC_cf039.dir/build.make CMakeFiles/cmTC_cf039.dir/build
make[1]: Entering directory '/home/users/warce/HPC_2018_1/tareaBonus/globalMem/build/CMakeFiles/CMakeTmp'
Building C object CMakeFiles/cmTC_cf039.dir/CheckFunctionExists.c.o
/usr/bin/cc    -fPIC -DCHECK_FUNCTION_EXISTS=pthread_create   -o CMakeFiles/cmTC_cf039.dir/CheckFunctionExists.c.o   -c /usr/share/cmake-3.5/Modules/CheckFunctionExists.c
Linking C executable cmTC_cf039
/usr/bin/cmake -E cmake_link_script CMakeFiles/cmTC_cf039.dir/link.txt --verbose=1
/usr/bin/cc  -fPIC -DCHECK_FUNCTION_EXISTS=pthread_create    CMakeFiles/cmTC_cf039.dir/CheckFunctionExists.c.o  -o cmTC_cf039 -lpthreads 
/usr/bin/ld: cannot find -lpthreads
collect2: error: ld returned 1 exit status
CMakeFiles/cmTC_cf039.dir/build.make:97: recipe for target 'cmTC_cf039' failed
make[1]: *** [cmTC_cf039] Error 1
make[1]: Leaving directory '/home/users/warce/HPC_2018_1/tareaBonus/globalMem/build/CMakeFiles/CMakeTmp'
Makefile:126: recipe for target 'cmTC_cf039/fast' failed
make: *** [cmTC_cf039/fast] Error 2


