Determining if the pthread_create exist failed with the following output:
Change Dir: /home/users/warce/HPC_2018_1/tareaBonus/globalMem/CMakeFiles/CMakeTmp

Run Build Command:"/usr/bin/make" "cmTC_0ca2f/fast"
/usr/bin/make -f CMakeFiles/cmTC_0ca2f.dir/build.make CMakeFiles/cmTC_0ca2f.dir/build
make[1]: Entering directory '/home/users/warce/HPC_2018_1/tareaBonus/globalMem/CMakeFiles/CMakeTmp'
Building C object CMakeFiles/cmTC_0ca2f.dir/CheckSymbolExists.c.o
/usr/bin/cc    -fPIC    -o CMakeFiles/cmTC_0ca2f.dir/CheckSymbolExists.c.o   -c /home/users/warce/HPC_2018_1/tareaBonus/globalMem/CMakeFiles/CMakeTmp/CheckSymbolExists.c
Linking C executable cmTC_0ca2f
/usr/bin/cmake -E cmake_link_script CMakeFiles/cmTC_0ca2f.dir/link.txt --verbose=1
/usr/bin/cc  -fPIC     CMakeFiles/cmTC_0ca2f.dir/CheckSymbolExists.c.o  -o cmTC_0ca2f 
CMakeFiles/cmTC_0ca2f.dir/CheckSymbolExists.c.o: In function `main':
CheckSymbolExists.c:(.text+0x1b): undefined reference to `pthread_create'
collect2: error: ld returned 1 exit status
CMakeFiles/cmTC_0ca2f.dir/build.make:97: recipe for target 'cmTC_0ca2f' failed
make[1]: *** [cmTC_0ca2f] Error 1
make[1]: Leaving directory '/home/users/warce/HPC_2018_1/tareaBonus/globalMem/CMakeFiles/CMakeTmp'
Makefile:126: recipe for target 'cmTC_0ca2f/fast' failed
make: *** [cmTC_0ca2f/fast] Error 2

File /home/users/warce/HPC_2018_1/tareaBonus/globalMem/CMakeFiles/CMakeTmp/CheckSymbolExists.c:
/* */
#include <pthread.h>

int main(int argc, char** argv)
{
  (void)argv;
#ifndef pthread_create
  return ((int*)(&pthread_create))[argc];
#else
  (void)argc;
  return 0;
#endif
}

Determining if the function pthread_create exists in the pthreads failed with the following output:
Change Dir: /home/users/warce/HPC_2018_1/tareaBonus/globalMem/CMakeFiles/CMakeTmp

Run Build Command:"/usr/bin/make" "cmTC_9a29a/fast"
/usr/bin/make -f CMakeFiles/cmTC_9a29a.dir/build.make CMakeFiles/cmTC_9a29a.dir/build
make[1]: Entering directory '/home/users/warce/HPC_2018_1/tareaBonus/globalMem/CMakeFiles/CMakeTmp'
Building C object CMakeFiles/cmTC_9a29a.dir/CheckFunctionExists.c.o
/usr/bin/cc    -fPIC -DCHECK_FUNCTION_EXISTS=pthread_create   -o CMakeFiles/cmTC_9a29a.dir/CheckFunctionExists.c.o   -c /usr/share/cmake-3.5/Modules/CheckFunctionExists.c
Linking C executable cmTC_9a29a
/usr/bin/cmake -E cmake_link_script CMakeFiles/cmTC_9a29a.dir/link.txt --verbose=1
/usr/bin/cc  -fPIC -DCHECK_FUNCTION_EXISTS=pthread_create    CMakeFiles/cmTC_9a29a.dir/CheckFunctionExists.c.o  -o cmTC_9a29a -lpthreads 
/usr/bin/ld: cannot find -lpthreads
collect2: error: ld returned 1 exit status
CMakeFiles/cmTC_9a29a.dir/build.make:97: recipe for target 'cmTC_9a29a' failed
make[1]: *** [cmTC_9a29a] Error 1
make[1]: Leaving directory '/home/users/warce/HPC_2018_1/tareaBonus/globalMem/CMakeFiles/CMakeTmp'
Makefile:126: recipe for target 'cmTC_9a29a/fast' failed
make: *** [cmTC_9a29a/fast] Error 2


